#
# There is insufficient memory for the Java Runtime Environment to continue.
# Native memory allocation (malloc) failed to allocate 363536 bytes. Error detail: Chunk::new
# Possible reasons:
#   The system is out of physical RAM or swap space
#   This process is running with CompressedOops enabled, and the Java Heap may be blocking the growth of the native heap
# Possible solutions:
#   Reduce memory load on the system
#   Increase physical memory or swap space
#   Check if swap backing store is full
#   Decrease Java heap size (-Xmx/-Xms)
#   Decrease number of Java threads
#   Decrease Java thread stack sizes (-Xss)
#   Set larger code cache with -XX:ReservedCodeCacheSize=
#   JVM is running with Unscaled Compressed Oops mode in which the Java heap is
#     placed in the first 4GB address space. The Java Heap base address is the
#     maximum limit for the native heap growth. Please use -XX:HeapBaseMinAddress
#     to set the Java Heap base and to place the Java Heap above 4GB virtual address.
# This output file may be truncated or incomplete.
#
#  Out of Memory Error (arena.cpp:191), pid=1440, tid=9640
#
# JRE version: OpenJDK Runtime Environment Temurin-17.0.12+7 (17.0.12+7) (build 17.0.12+7)
# Java VM: OpenJDK 64-Bit Server VM Temurin-17.0.12+7 (17.0.12+7, mixed mode, tiered, compressed oops, compressed class ptrs, parallel gc, windows-amd64)
# No core dump will be written. Minidumps are not enabled by default on client versions of Windows
#

---------------  S U M M A R Y ------------

Command Line: --add-modules=ALL-SYSTEM --add-opens=java.base/java.util=ALL-UNNAMED --add-opens=java.base/java.lang=ALL-UNNAMED --add-opens=java.base/sun.nio.fs=ALL-UNNAMED -Declipse.application=org.eclipse.jdt.ls.core.id1 -Dosgi.bundles.defaultStartLevel=4 -Declipse.product=org.eclipse.jdt.ls.core.product -Djava.import.generatesMetadataFilesAtProjectRoot=false -DDetectVMInstallationsJob.disabled=true -Dfile.encoding=utf8 -XX:+UseParallelGC -XX:GCTimeRatio=4 -XX:AdaptiveSizePolicyWeight=90 -Dsun.zip.disableMemoryMapping=true -Xmx1G -Xms100m -Xlog:disable -javaagent:c:\Users\Administrator.PBKApple7\.vscode\extensions\redhat.java-1.35.1-win32-x64\lombok\lombok-1.18.33.jar -XX:+HeapDumpOnOutOfMemoryError -XX:HeapDumpPath=c:\Users\Administrator.PBKApple7\AppData\Roaming\Code\User\workspaceStorage\f98505da49d51f35e6f4c29f9298e828\redhat.java -Daether.dependencyCollector.impl=bf c:\Users\Administrator.PBKApple7\.vscode\extensions\redhat.java-1.35.1-win32-x64\server\plugins\org.eclipse.equinox.launcher_1.6.900.v20240613-2009.jar -configuration c:\Users\Administrator.PBKApple7\AppData\Roaming\Code\User\globalStorage\redhat.java\1.35.1\config_win -data c:\Users\Administrator.PBKApple7\AppData\Roaming\Code\User\workspaceStorage\f98505da49d51f35e6f4c29f9298e828\redhat.java\jdt_ws --pipe=\\.\pipe\lsp-2ef02904d6f1ca4614abca83144d4461-sock

Host: Intel(R) Core(TM) i5-4258U CPU @ 2.40GHz, 4 cores, 7G,  Windows 8.1 , 64 bit Build 9600 (6.3.9600.19326)
Time: Mon Oct 14 23:47:46 2024 SE Asia Standard Time elapsed time: 62.386838 seconds (0d 0h 1m 2s)

---------------  T H R E A D  ---------------

Current thread (0x00000015144319e0):  JavaThread "C2 CompilerThread0" daemon [_thread_in_native, id=9640, stack(0x0000001514c00000,0x0000001514d00000)]


Current CompileTask:
C2:  62386 9173 %     4       org.eclipse.jdt.internal.core.index.DiskIndex::writeAllDocumentNames @ 251 (512 bytes)

Stack: [0x0000001514c00000,0x0000001514d00000]
Native frames: (J=compiled Java code, j=interpreted, Vv=VM code, C=native code)
V  [jvm.dll+0x67f929]
V  [jvm.dll+0x8371ba]
V  [jvm.dll+0x838c7e]
V  [jvm.dll+0x8392e3]
V  [jvm.dll+0x24834f]
V  [jvm.dll+0xac9d4]
V  [jvm.dll+0xad01c]
V  [jvm.dll+0x367452]
V  [jvm.dll+0x1bd562]
V  [jvm.dll+0x21aa09]
V  [jvm.dll+0x219cf1]
V  [jvm.dll+0x1a58bd]
V  [jvm.dll+0x229a2d]
V  [jvm.dll+0x227bdc]
V  [jvm.dll+0x7ec1f7]
V  [jvm.dll+0x7e65dc]
V  [jvm.dll+0x67e7f7]
C  [ucrtbase.DLL+0x26c0c]
C  [KERNEL32.DLL+0x13f2]
C  [ntdll.dll+0x154f4]


---------------  P R O C E S S  ---------------

Threads class SMR info:
_java_thread_list=0x00000015256f5310, length=40, elements={
0x0000001576561b70, 0x000000157b5aa030, 0x000000157b5abaf0, 0x000000157b5afea0,
0x000000157b5cc030, 0x000000157b5cd210, 0x000000151440f580, 0x00000015144319e0,
0x0000001514432800, 0x000000151443ce00, 0x00000015144b4140, 0x00000015147302c0,
0x00000015151f22f0, 0x00000015150af950, 0x0000001515d3a5b0, 0x000000151523bae0,
0x000000151576c9a0, 0x0000001515e129d0, 0x0000001515e11fb0, 0x0000001515e124c0,
0x0000001515e11080, 0x0000001515e11590, 0x0000001515e11aa0, 0x0000001516645f10,
0x0000001516648280, 0x0000001516647350, 0x0000001516648790, 0x0000001516648ca0,
0x0000001516646420, 0x00000015166491b0, 0x0000001516646930, 0x0000001516647d70,
0x0000001516646e40, 0x00000015163b68a0, 0x00000015163b77d0, 0x00000015163b6db0,
0x00000015163b8700, 0x00000015163b6390, 0x00000015163b81f0, 0x00000015163b7ce0
}

Java Threads: ( => current thread )
  0x0000001576561b70 JavaThread "main" [_thread_blocked, id=5088, stack(0x0000001575bf0000,0x0000001575cf0000)]
  0x000000157b5aa030 JavaThread "Reference Handler" daemon [_thread_blocked, id=7916, stack(0x0000001514110000,0x0000001514210000)]
  0x000000157b5abaf0 JavaThread "Finalizer" daemon [_thread_blocked, id=10872, stack(0x0000001514210000,0x0000001514310000)]
  0x000000157b5afea0 JavaThread "Signal Dispatcher" daemon [_thread_blocked, id=8952, stack(0x0000001514800000,0x0000001514900000)]
  0x000000157b5cc030 JavaThread "Attach Listener" daemon [_thread_blocked, id=9564, stack(0x0000001514900000,0x0000001514a00000)]
  0x000000157b5cd210 JavaThread "Service Thread" daemon [_thread_blocked, id=5348, stack(0x0000001514a00000,0x0000001514b00000)]
  0x000000151440f580 JavaThread "Monitor Deflation Thread" daemon [_thread_blocked, id=5148, stack(0x0000001514b00000,0x0000001514c00000)]
=>0x00000015144319e0 JavaThread "C2 CompilerThread0" daemon [_thread_in_native, id=9640, stack(0x0000001514c00000,0x0000001514d00000)]
  0x0000001514432800 JavaThread "C1 CompilerThread0" daemon [_thread_blocked, id=12580, stack(0x0000001514d00000,0x0000001514e00000)]
  0x000000151443ce00 JavaThread "Sweeper thread" daemon [_thread_blocked, id=7976, stack(0x0000001514e00000,0x0000001514f00000)]
  0x00000015144b4140 JavaThread "Common-Cleaner" daemon [_thread_blocked, id=1004, stack(0x0000001514f00000,0x0000001515000000)]
  0x00000015147302c0 JavaThread "Notification Thread" daemon [_thread_blocked, id=10748, stack(0x0000001515800000,0x0000001515900000)]
  0x00000015151f22f0 JavaThread "Active Thread: Equinox Container: 7963ae00-2a32-4ca9-b1a3-bc5e9308dc11" [_thread_blocked, id=3260, stack(0x0000001516ec0000,0x0000001516fc0000)]
  0x00000015150af950 JavaThread "Framework Event Dispatcher: Equinox Container: 7963ae00-2a32-4ca9-b1a3-bc5e9308dc11" daemon [_thread_blocked, id=3656, stack(0x0000001516fc0000,0x00000015170c0000)]
  0x0000001515d3a5b0 JavaThread "Start Level: Equinox Container: 7963ae00-2a32-4ca9-b1a3-bc5e9308dc11" daemon [_thread_blocked, id=9960, stack(0x00000015170c0000,0x00000015171c0000)]
  0x000000151523bae0 JavaThread "Bundle File Closer" daemon [_thread_blocked, id=12036, stack(0x00000015171c0000,0x00000015172c0000)]
  0x000000151576c9a0 JavaThread "SCR Component Actor" daemon [_thread_blocked, id=5536, stack(0x0000001515a00000,0x0000001515b00000)]
  0x0000001515e129d0 JavaThread "Worker-JM" [_thread_blocked, id=1128, stack(0x00000015174c0000,0x00000015175c0000)]
  0x0000001515e11fb0 JavaThread "JNA Cleaner" daemon [_thread_blocked, id=10412, stack(0x00000015178a0000,0x00000015179a0000)]
  0x0000001515e124c0 JavaThread "Worker-0" [_thread_blocked, id=7292, stack(0x00000015173c0000,0x00000015174c0000)]
  0x0000001515e11080 JavaThread "Worker-1" [_thread_blocked, id=7932, stack(0x0000001517ab0000,0x0000001517bb0000)]
  0x0000001515e11590 JavaThread "Worker-2" [_thread_blocked, id=8904, stack(0x0000001517bb0000,0x0000001517cb0000)]
  0x0000001515e11aa0 JavaThread "Java indexing" daemon [_thread_in_Java, id=7696, stack(0x000000151a150000,0x000000151a250000)]
  0x0000001516645f10 JavaThread "Worker-3: Java indexing... " [_thread_blocked, id=9104, stack(0x0000001519fb0000,0x000000151a0b0000)]
  0x0000001516648280 JavaThread "Thread-2" daemon [_thread_in_native, id=12840, stack(0x0000001519e60000,0x0000001519f60000)]
  0x0000001516647350 JavaThread "Thread-3" daemon [_thread_in_native, id=12088, stack(0x000000151a250000,0x000000151a350000)]
  0x0000001516648790 JavaThread "Thread-4" daemon [_thread_in_native, id=8568, stack(0x000000151a350000,0x000000151a450000)]
  0x0000001516648ca0 JavaThread "Thread-5" daemon [_thread_in_native, id=9320, stack(0x000000151b4c0000,0x000000151b5c0000)]
  0x0000001516646420 JavaThread "Thread-6" daemon [_thread_in_native, id=10268, stack(0x000000151b5c0000,0x000000151b6c0000)]
  0x00000015166491b0 JavaThread "pool-2-thread-1" [_thread_blocked, id=10728, stack(0x0000001519d50000,0x0000001519e50000)]
  0x0000001516646930 JavaThread "WorkspaceEventsHandler" [_thread_blocked, id=11052, stack(0x000000151b6c0000,0x000000151b7c0000)]
  0x0000001516647d70 JavaThread "pool-1-thread-1" [_thread_blocked, id=1408, stack(0x000000151b7c0000,0x000000151b8c0000)]
  0x0000001516646e40 JavaThread "Worker-4" [_thread_blocked, id=12192, stack(0x0000001523210000,0x0000001523310000)]
  0x00000015163b68a0 JavaThread "ForkJoinPool.commonPool-worker-1" daemon [_thread_blocked, id=10860, stack(0x00000015237d0000,0x00000015238d0000)]
  0x00000015163b77d0 JavaThread "Compiler Source File Reader" daemon [_thread_blocked, id=10104, stack(0x00000015238d0000,0x00000015239d0000)]
  0x00000015163b6db0 JavaThread "Compiler Source File Reader" daemon [_thread_blocked, id=7400, stack(0x00000015239d0000,0x0000001523ad0000)]
  0x00000015163b8700 JavaThread "Compiler Processing Task" daemon [_thread_blocked, id=6076, stack(0x0000001523ad0000,0x0000001523bd0000)]
  0x00000015163b6390 JavaThread "ForkJoinPool.commonPool-worker-2" daemon [_thread_blocked, id=1724, stack(0x0000001523310000,0x0000001523410000)]
  0x00000015163b81f0 JavaThread "ForkJoinPool.commonPool-worker-3" daemon [_thread_blocked, id=3444, stack(0x0000001523410000,0x0000001523510000)]
  0x00000015163b7ce0 JavaThread "Cleaner-0" daemon [_thread_blocked, id=8468, stack(0x0000001523670000,0x0000001523770000)]

Other Threads:
  0x000000157b589a40 VMThread "VM Thread" [stack: 0x0000001514010000,0x0000001514110000] [id=9112]
  0x0000001514755850 WatcherThread [stack: 0x0000001515900000,0x0000001515a00000] [id=10080]
  0x0000001576578f00 GCTaskThread "GC Thread#0" [stack: 0x00000015760e0000,0x00000015761e0000] [id=6908]
  0x00000015150fc5c0 GCTaskThread "GC Thread#1" [stack: 0x0000001516bc0000,0x0000001516cc0000] [id=10416]
  0x0000001515bf0080 GCTaskThread "GC Thread#2" [stack: 0x0000001516cc0000,0x0000001516dc0000] [id=10024]
  0x0000001515bf0340 GCTaskThread "GC Thread#3" [stack: 0x0000001516dc0000,0x0000001516ec0000] [id=6380]

Threads with active compile tasks:
C2 CompilerThread0    62429 9173 %     4       org.eclipse.jdt.internal.core.index.DiskIndex::writeAllDocumentNames @ 251 (512 bytes)

VM state: not at safepoint (normal execution)

VM Mutex/Monitor currently owned by a thread: None

Heap address: 0x00000000c0000000, size: 1024 MB, Compressed Oops mode: 32-bit

CDS archive(s) not mapped
Compressed class space mapped at: 0x0000000100000000-0x0000000140000000, reserved size: 1073741824
Narrow klass base: 0x0000000000000000, Narrow klass shift: 3, Narrow klass range: 0x140000000

GC Precious Log:
 CPUs: 4 total, 4 available
 Memory: 8100M
 Large Page Support: Disabled
 NUMA Support: Disabled
 Compressed Oops: Enabled (32-bit)
 Alignments: Space 512K, Generation 512K, Heap 2M
 Heap Min Capacity: 100M
 Heap Initial Capacity: 100M
 Heap Max Capacity: 1G
 Pre-touch: Disabled
 Parallel Workers: 4

Heap:
 PSYoungGen      total 41472K, used 35522K [0x00000000eab00000, 0x00000000ef880000, 0x0000000100000000)
  eden space 28672K, 89% used [0x00000000eab00000,0x00000000ec408db8,0x00000000ec700000)
  from space 12800K, 77% used [0x00000000ec700000,0x00000000ed0a7d60,0x00000000ed380000)
  to   space 23552K, 0% used [0x00000000ee180000,0x00000000ee180000,0x00000000ef880000)
 ParOldGen       total 256512K, used 256058K [0x00000000c0000000, 0x00000000cfa80000, 0x00000000eab00000)
  object space 256512K, 99% used [0x00000000c0000000,0x00000000cfa0ea98,0x00000000cfa80000)
 Metaspace       used 73194K, committed 74432K, reserved 1179648K
  class space    used 7809K, committed 8320K, reserved 1048576K

Card table byte_map: [0x0000001575ed0000,0x00000015760e0000] _byte_map_base: 0x00000015758d0000

Marking Bits: (ParMarkBitMap*) 0x00007ffe6cae58b0
 Begin Bits: [0x00000015791d0000, 0x000000157a1d0000)
 End Bits:   [0x000000157a1d0000, 0x000000157b1d0000)

Polling page: 0x0000001574330000

Metaspace:

Usage:
  Non-class:     63.85 MB used.
      Class:      7.63 MB used.
       Both:     71.48 MB used.

Virtual space:
  Non-class space:      128.00 MB reserved,      64.56 MB ( 50%) committed,  2 nodes.
      Class space:        1.00 GB reserved,       8.12 MB ( <1%) committed,  1 nodes.
             Both:        1.12 GB reserved,      72.69 MB (  6%) committed. 

Chunk freelists:
   Non-Class:  15.14 MB
       Class:  7.74 MB
        Both:  22.88 MB

MaxMetaspaceSize: unlimited
CompressedClassSpaceSize: 1.00 GB
Initial GC threshold: 21.00 MB
Current GC threshold: 120.94 MB
CDS: off
MetaspaceReclaimPolicy: balanced
 - commit_granule_bytes: 65536.
 - commit_granule_words: 8192.
 - virtual_space_node_default_size: 8388608.
 - enlarge_chunks_in_place: 1.
 - new_chunks_are_fully_committed: 0.
 - uncommit_free_chunks: 1.
 - use_allocation_guard: 0.
 - handle_deallocations: 1.


Internal statistics:

num_allocs_failed_limit: 9.
num_arena_births: 726.
num_arena_deaths: 16.
num_vsnodes_births: 3.
num_vsnodes_deaths: 0.
num_space_committed: 1163.
num_space_uncommitted: 0.
num_chunks_returned_to_freelist: 25.
num_chunks_taken_from_freelist: 3509.
num_chunk_merges: 14.
num_chunk_splits: 2214.
num_chunks_enlarged: 1359.
num_inconsistent_stats: 0.

CodeHeap 'non-profiled nmethods': size=120000Kb used=5572Kb max_used=5572Kb free=114428Kb
 bounds [0x0000001507ad0000, 0x0000001508050000, 0x000000150f000000]
CodeHeap 'profiled nmethods': size=120000Kb used=15739Kb max_used=16900Kb free=104260Kb
 bounds [0x0000001500000000, 0x00000015010a0000, 0x0000001507530000]
CodeHeap 'non-nmethods': size=5760Kb used=1410Kb max_used=1491Kb free=4349Kb
 bounds [0x0000001507530000, 0x00000015077a0000, 0x0000001507ad0000]
 total_blobs=8372 nmethods=7610 adapters=676
 compilation: enabled
              stopped_count=0, restarted_count=0
 full_count=0

Compilation events (20 events):
Event: 61.871 Thread 0x00000015144319e0 nmethod 9162% 0x000000150803bc90 code [0x000000150803be20, 0x000000150803c198]
Event: 61.891 Thread 0x00000015144319e0 9163 %     4       org.eclipse.jdt.internal.core.util.Util::quickSort @ 19 (107 bytes)
Event: 61.911 Thread 0x00000015144319e0 nmethod 9163% 0x000000150803c410 code [0x000000150803c5e0, 0x000000150803d1d8]
Event: 61.925 Thread 0x00000015144319e0 9164 %     4       org.eclipse.jdt.internal.core.util.Util::quickSort @ 36 (107 bytes)
Event: 61.943 Thread 0x00000015144319e0 nmethod 9164% 0x000000150803d610 code [0x000000150803d7e0, 0x000000150803e378]
Event: 61.944 Thread 0x00000015144319e0 9165       4       org.eclipse.jdt.internal.core.util.Util::quickSort (107 bytes)
Event: 61.962 Thread 0x00000015144319e0 nmethod 9165 0x000000150803e790 code [0x000000150803e940, 0x000000150803f618]
Event: 62.012 Thread 0x00000015144319e0 9166 %     4       org.eclipse.jdt.internal.core.index.DiskIndex::computeDocumentNames @ 152 (607 bytes)
Event: 62.044 Thread 0x00000015144319e0 nmethod 9166% 0x000000150803fa10 code [0x000000150803fbe0, 0x0000001508040438]
Event: 62.076 Thread 0x0000001514432800 9167       3       org.eclipse.jdt.internal.core.index.DiskIndex::writeStreamChars (285 bytes)
Event: 62.076 Thread 0x0000001514432800 nmethod 9167 0x0000001500100e10 code [0x0000001500100fe0, 0x0000001500101438]
Event: 62.077 Thread 0x0000001514432800 9168       3       org.eclipse.jdt.internal.core.index.DiskIndex::writeStreamChars (220 bytes)
Event: 62.078 Thread 0x0000001514432800 nmethod 9168 0x0000001500086690 code [0x00000015000868a0, 0x0000001500086e68]
Event: 62.125 Thread 0x0000001514432800 9169 %     3       org.eclipse.jdt.internal.core.index.DiskIndex::writeAllDocumentNames @ 251 (512 bytes)
Event: 62.131 Thread 0x0000001514432800 nmethod 9169% 0x0000001500bf2010 code [0x0000001500bf2500, 0x0000001500bf5388]
Event: 62.213 Thread 0x0000001514432800 9171       3       org.eclipse.jdt.internal.core.index.DiskIndex::writeAllDocumentNames (512 bytes)
Event: 62.218 Thread 0x0000001514432800 nmethod 9171 0x0000001500b92090 code [0x0000001500b92560, 0x0000001500b94f08]
Event: 62.277 Thread 0x00000015144319e0 9172       4       org.eclipse.jdt.internal.core.index.DiskIndex::writeStreamChars (285 bytes)
Event: 62.280 Thread 0x00000015144319e0 nmethod 9172 0x0000001508040b10 code [0x0000001508040ca0, 0x0000001508040e58]
Event: 62.293 Thread 0x00000015144319e0 9173 %     4       org.eclipse.jdt.internal.core.index.DiskIndex::writeAllDocumentNames @ 251 (512 bytes)

GC Heap History (20 events):
Event: 59.879 GC heap before
{Heap before GC invocations=162 (full 10):
 PSYoungGen      total 21504K, used 21433K [0x00000000eab00000, 0x00000000ec500000, 0x0000000100000000)
  eden space 17408K, 100% used [0x00000000eab00000,0x00000000ebc00000,0x00000000ebc00000)
  from space 4096K, 98% used [0x00000000ec100000,0x00000000ec4ee5e8,0x00000000ec500000)
  to   space 4608K, 0% used [0x00000000ebc00000,0x00000000ebc00000,0x00000000ec080000)
 ParOldGen       total 255488K, used 216811K [0x00000000c0000000, 0x00000000cf980000, 0x00000000eab00000)
  object space 255488K, 84% used [0x00000000c0000000,0x00000000cd3baf20,0x00000000cf980000)
 Metaspace       used 73181K, committed 74432K, reserved 1179648K
  class space    used 7809K, committed 8320K, reserved 1048576K
}
Event: 59.894 GC heap after
{Heap after GC invocations=162 (full 10):
 PSYoungGen      total 22016K, used 4577K [0x00000000eab00000, 0x00000000ecc00000, 0x0000000100000000)
  eden space 17408K, 0% used [0x00000000eab00000,0x00000000eab00000,0x00000000ebc00000)
  from space 4608K, 99% used [0x00000000ebc00000,0x00000000ec078678,0x00000000ec080000)
  to   space 8192K, 0% used [0x00000000ec400000,0x00000000ec400000,0x00000000ecc00000)
 ParOldGen       total 255488K, used 219748K [0x00000000c0000000, 0x00000000cf980000, 0x00000000eab00000)
  object space 255488K, 86% used [0x00000000c0000000,0x00000000cd6993c8,0x00000000cf980000)
 Metaspace       used 73181K, committed 74432K, reserved 1179648K
  class space    used 7809K, committed 8320K, reserved 1048576K
}
Event: 60.041 GC heap before
{Heap before GC invocations=163 (full 10):
 PSYoungGen      total 22016K, used 21985K [0x00000000eab00000, 0x00000000ecc00000, 0x0000000100000000)
  eden space 17408K, 100% used [0x00000000eab00000,0x00000000ebc00000,0x00000000ebc00000)
  from space 4608K, 99% used [0x00000000ebc00000,0x00000000ec078678,0x00000000ec080000)
  to   space 8192K, 0% used [0x00000000ec400000,0x00000000ec400000,0x00000000ecc00000)
 ParOldGen       total 255488K, used 219748K [0x00000000c0000000, 0x00000000cf980000, 0x00000000eab00000)
  object space 255488K, 86% used [0x00000000c0000000,0x00000000cd6993c8,0x00000000cf980000)
 Metaspace       used 73181K, committed 74432K, reserved 1179648K
  class space    used 7809K, committed 8320K, reserved 1048576K
}
Event: 60.062 GC heap after
{Heap after GC invocations=163 (full 10):
 PSYoungGen      total 26112K, used 6283K [0x00000000eab00000, 0x00000000ecb80000, 0x0000000100000000)
  eden space 18432K, 0% used [0x00000000eab00000,0x00000000eab00000,0x00000000ebd00000)
  from space 7680K, 81% used [0x00000000ec400000,0x00000000eca22e90,0x00000000ecb80000)
  to   space 7168K, 0% used [0x00000000ebd00000,0x00000000ebd00000,0x00000000ec400000)
 ParOldGen       total 255488K, used 221738K [0x00000000c0000000, 0x00000000cf980000, 0x00000000eab00000)
  object space 255488K, 86% used [0x00000000c0000000,0x00000000cd88aa38,0x00000000cf980000)
 Metaspace       used 73181K, committed 74432K, reserved 1179648K
  class space    used 7809K, committed 8320K, reserved 1048576K
}
Event: 60.214 GC heap before
{Heap before GC invocations=164 (full 10):
 PSYoungGen      total 26112K, used 24715K [0x00000000eab00000, 0x00000000ecb80000, 0x0000000100000000)
  eden space 18432K, 100% used [0x00000000eab00000,0x00000000ebd00000,0x00000000ebd00000)
  from space 7680K, 81% used [0x00000000ec400000,0x00000000eca22e90,0x00000000ecb80000)
  to   space 7168K, 0% used [0x00000000ebd00000,0x00000000ebd00000,0x00000000ec400000)
 ParOldGen       total 255488K, used 221738K [0x00000000c0000000, 0x00000000cf980000, 0x00000000eab00000)
  object space 255488K, 86% used [0x00000000c0000000,0x00000000cd88aa38,0x00000000cf980000)
 Metaspace       used 73181K, committed 74432K, reserved 1179648K
  class space    used 7809K, committed 8320K, reserved 1048576K
}
Event: 60.231 GC heap after
{Heap after GC invocations=164 (full 10):
 PSYoungGen      total 25600K, used 7137K [0x00000000eab00000, 0x00000000ed480000, 0x0000000100000000)
  eden space 18432K, 0% used [0x00000000eab00000,0x00000000eab00000,0x00000000ebd00000)
  from space 7168K, 99% used [0x00000000ebd00000,0x00000000ec3f8530,0x00000000ec400000)
  to   space 11264K, 0% used [0x00000000ec980000,0x00000000ec980000,0x00000000ed480000)
 ParOldGen       total 255488K, used 225056K [0x00000000c0000000, 0x00000000cf980000, 0x00000000eab00000)
  object space 255488K, 88% used [0x00000000c0000000,0x00000000cdbc8138,0x00000000cf980000)
 Metaspace       used 73181K, committed 74432K, reserved 1179648K
  class space    used 7809K, committed 8320K, reserved 1048576K
}
Event: 60.361 GC heap before
{Heap before GC invocations=165 (full 10):
 PSYoungGen      total 25600K, used 25569K [0x00000000eab00000, 0x00000000ed480000, 0x0000000100000000)
  eden space 18432K, 100% used [0x00000000eab00000,0x00000000ebd00000,0x00000000ebd00000)
  from space 7168K, 99% used [0x00000000ebd00000,0x00000000ec3f8530,0x00000000ec400000)
  to   space 11264K, 0% used [0x00000000ec980000,0x00000000ec980000,0x00000000ed480000)
 ParOldGen       total 255488K, used 225056K [0x00000000c0000000, 0x00000000cf980000, 0x00000000eab00000)
  object space 255488K, 88% used [0x00000000c0000000,0x00000000cdbc8138,0x00000000cf980000)
 Metaspace       used 73181K, committed 74432K, reserved 1179648K
  class space    used 7809K, committed 8320K, reserved 1048576K
}
Event: 60.382 GC heap after
{Heap after GC invocations=165 (full 10):
 PSYoungGen      total 27648K, used 6808K [0x00000000eab00000, 0x00000000ed080000, 0x0000000100000000)
  eden space 20480K, 0% used [0x00000000eab00000,0x00000000eab00000,0x00000000ebf00000)
  from space 7168K, 94% used [0x00000000ec980000,0x00000000ed0262d0,0x00000000ed080000)
  to   space 8192K, 0% used [0x00000000ec080000,0x00000000ec080000,0x00000000ec880000)
 ParOldGen       total 255488K, used 229227K [0x00000000c0000000, 0x00000000cf980000, 0x00000000eab00000)
  object space 255488K, 89% used [0x00000000c0000000,0x00000000cdfdaf98,0x00000000cf980000)
 Metaspace       used 73181K, committed 74432K, reserved 1179648K
  class space    used 7809K, committed 8320K, reserved 1048576K
}
Event: 60.503 GC heap before
{Heap before GC invocations=166 (full 10):
 PSYoungGen      total 27648K, used 27288K [0x00000000eab00000, 0x00000000ed080000, 0x0000000100000000)
  eden space 20480K, 100% used [0x00000000eab00000,0x00000000ebf00000,0x00000000ebf00000)
  from space 7168K, 94% used [0x00000000ec980000,0x00000000ed0262d0,0x00000000ed080000)
  to   space 8192K, 0% used [0x00000000ec080000,0x00000000ec080000,0x00000000ec880000)
 ParOldGen       total 255488K, used 229227K [0x00000000c0000000, 0x00000000cf980000, 0x00000000eab00000)
  object space 255488K, 89% used [0x00000000c0000000,0x00000000cdfdaf98,0x00000000cf980000)
 Metaspace       used 73181K, committed 74432K, reserved 1179648K
  class space    used 7809K, committed 8320K, reserved 1048576K
}
Event: 60.518 GC heap after
{Heap after GC invocations=166 (full 10):
 PSYoungGen      total 30208K, used 8161K [0x00000000eab00000, 0x00000000ed900000, 0x0000000100000000)
  eden space 22016K, 0% used [0x00000000eab00000,0x00000000eab00000,0x00000000ec080000)
  from space 8192K, 99% used [0x00000000ec080000,0x00000000ec878560,0x00000000ec880000)
  to   space 12288K, 0% used [0x00000000ecd00000,0x00000000ecd00000,0x00000000ed900000)
 ParOldGen       total 255488K, used 232281K [0x00000000c0000000, 0x00000000cf980000, 0x00000000eab00000)
  object space 255488K, 90% used [0x00000000c0000000,0x00000000ce2d66a0,0x00000000cf980000)
 Metaspace       used 73181K, committed 74432K, reserved 1179648K
  class space    used 7809K, committed 8320K, reserved 1048576K
}
Event: 60.646 GC heap before
{Heap before GC invocations=167 (full 10):
 PSYoungGen      total 30208K, used 30177K [0x00000000eab00000, 0x00000000ed900000, 0x0000000100000000)
  eden space 22016K, 100% used [0x00000000eab00000,0x00000000ec080000,0x00000000ec080000)
  from space 8192K, 99% used [0x00000000ec080000,0x00000000ec878560,0x00000000ec880000)
  to   space 12288K, 0% used [0x00000000ecd00000,0x00000000ecd00000,0x00000000ed900000)
 ParOldGen       total 255488K, used 232281K [0x00000000c0000000, 0x00000000cf980000, 0x00000000eab00000)
  object space 255488K, 90% used [0x00000000c0000000,0x00000000ce2d66a0,0x00000000cf980000)
 Metaspace       used 73181K, committed 74432K, reserved 1179648K
  class space    used 7809K, committed 8320K, reserved 1048576K
}
Event: 60.664 GC heap after
{Heap after GC invocations=167 (full 10):
 PSYoungGen      total 32768K, used 8495K [0x00000000eab00000, 0x00000000ed580000, 0x0000000100000000)
  eden space 24064K, 0% used [0x00000000eab00000,0x00000000eab00000,0x00000000ec280000)
  from space 8704K, 97% used [0x00000000ecd00000,0x00000000ed54bf18,0x00000000ed580000)
  to   space 9728K, 0% used [0x00000000ec280000,0x00000000ec280000,0x00000000ecc00000)
 ParOldGen       total 255488K, used 236945K [0x00000000c0000000, 0x00000000cf980000, 0x00000000eab00000)
  object space 255488K, 92% used [0x00000000c0000000,0x00000000ce764588,0x00000000cf980000)
 Metaspace       used 73181K, committed 74432K, reserved 1179648K
  class space    used 7809K, committed 8320K, reserved 1048576K
}
Event: 60.832 GC heap before
{Heap before GC invocations=168 (full 10):
 PSYoungGen      total 32768K, used 32559K [0x00000000eab00000, 0x00000000ed580000, 0x0000000100000000)
  eden space 24064K, 100% used [0x00000000eab00000,0x00000000ec280000,0x00000000ec280000)
  from space 8704K, 97% used [0x00000000ecd00000,0x00000000ed54bf18,0x00000000ed580000)
  to   space 9728K, 0% used [0x00000000ec280000,0x00000000ec280000,0x00000000ecc00000)
 ParOldGen       total 255488K, used 236945K [0x00000000c0000000, 0x00000000cf980000, 0x00000000eab00000)
  object space 255488K, 92% used [0x00000000c0000000,0x00000000ce764588,0x00000000cf980000)
 Metaspace       used 73181K, committed 74432K, reserved 1179648K
  class space    used 7809K, committed 8320K, reserved 1048576K
}
Event: 60.851 GC heap after
{Heap after GC invocations=168 (full 10):
 PSYoungGen      total 33792K, used 9727K [0x00000000eab00000, 0x00000000ee400000, 0x0000000100000000)
  eden space 24064K, 0% used [0x00000000eab00000,0x00000000eab00000,0x00000000ec280000)
  from space 9728K, 99% used [0x00000000ec280000,0x00000000ecbfff90,0x00000000ecc00000)
  to   space 15872K, 0% used [0x00000000ed480000,0x00000000ed480000,0x00000000ee400000)
 ParOldGen       total 255488K, used 241945K [0x00000000c0000000, 0x00000000cf980000, 0x00000000eab00000)
  object space 255488K, 94% used [0x00000000c0000000,0x00000000cec46698,0x00000000cf980000)
 Metaspace       used 73181K, committed 74432K, reserved 1179648K
  class space    used 7809K, committed 8320K, reserved 1048576K
}
Event: 60.931 GC heap before
{Heap before GC invocations=169 (full 10):
 PSYoungGen      total 33792K, used 33791K [0x00000000eab00000, 0x00000000ee400000, 0x0000000100000000)
  eden space 24064K, 100% used [0x00000000eab00000,0x00000000ec280000,0x00000000ec280000)
  from space 9728K, 99% used [0x00000000ec280000,0x00000000ecbfff90,0x00000000ecc00000)
  to   space 15872K, 0% used [0x00000000ed480000,0x00000000ed480000,0x00000000ee400000)
 ParOldGen       total 255488K, used 241945K [0x00000000c0000000, 0x00000000cf980000, 0x00000000eab00000)
  object space 255488K, 94% used [0x00000000c0000000,0x00000000cec46698,0x00000000cf980000)
 Metaspace       used 73186K, committed 74432K, reserved 1179648K
  class space    used 7809K, committed 8320K, reserved 1048576K
}
Event: 60.960 GC heap after
{Heap after GC invocations=169 (full 10):
 PSYoungGen      total 38912K, used 11626K [0x00000000eab00000, 0x00000000ee000000, 0x0000000100000000)
  eden space 27136K, 0% used [0x00000000eab00000,0x00000000eab00000,0x00000000ec580000)
  from space 11776K, 98% used [0x00000000ed480000,0x00000000edfdaa50,0x00000000ee000000)
  to   space 12800K, 0% used [0x00000000ec700000,0x00000000ec700000,0x00000000ed380000)
 ParOldGen       total 255488K, used 247349K [0x00000000c0000000, 0x00000000cf980000, 0x00000000eab00000)
  object space 255488K, 96% used [0x00000000c0000000,0x00000000cf18d508,0x00000000cf980000)
 Metaspace       used 73186K, committed 74432K, reserved 1179648K
  class space    used 7809K, committed 8320K, reserved 1048576K
}
Event: 61.029 GC heap before
{Heap before GC invocations=170 (full 10):
 PSYoungGen      total 38912K, used 38762K [0x00000000eab00000, 0x00000000ee000000, 0x0000000100000000)
  eden space 27136K, 100% used [0x00000000eab00000,0x00000000ec580000,0x00000000ec580000)
  from space 11776K, 98% used [0x00000000ed480000,0x00000000edfdaa50,0x00000000ee000000)
  to   space 12800K, 0% used [0x00000000ec700000,0x00000000ec700000,0x00000000ed380000)
 ParOldGen       total 255488K, used 247349K [0x00000000c0000000, 0x00000000cf980000, 0x00000000eab00000)
  object space 255488K, 96% used [0x00000000c0000000,0x00000000cf18d508,0x00000000cf980000)
 Metaspace       used 73186K, committed 74432K, reserved 1179648K
  class space    used 7809K, committed 8320K, reserved 1048576K
}
Event: 61.057 GC heap after
{Heap after GC invocations=170 (full 10):
 PSYoungGen      total 41472K, used 12792K [0x00000000eab00000, 0x00000000ef700000, 0x0000000100000000)
  eden space 28672K, 0% used [0x00000000eab00000,0x00000000eab00000,0x00000000ec700000)
  from space 12800K, 99% used [0x00000000ec700000,0x00000000ed37e3b8,0x00000000ed380000)
  to   space 23552K, 0% used [0x00000000ee000000,0x00000000ee000000,0x00000000ef700000)
 ParOldGen       total 256512K, used 256209K [0x00000000c0000000, 0x00000000cfa80000, 0x00000000eab00000)
  object space 256512K, 99% used [0x00000000c0000000,0x00000000cfa344e8,0x00000000cfa80000)
 Metaspace       used 73186K, committed 74432K, reserved 1179648K
  class space    used 7809K, committed 8320K, reserved 1048576K
}
Event: 61.057 GC heap before
{Heap before GC invocations=171 (full 11):
 PSYoungGen      total 41472K, used 12792K [0x00000000eab00000, 0x00000000ef700000, 0x0000000100000000)
  eden space 28672K, 0% used [0x00000000eab00000,0x00000000eab00000,0x00000000ec700000)
  from space 12800K, 99% used [0x00000000ec700000,0x00000000ed37e3b8,0x00000000ed380000)
  to   space 23552K, 0% used [0x00000000ee000000,0x00000000ee000000,0x00000000ef700000)
 ParOldGen       total 256512K, used 256209K [0x00000000c0000000, 0x00000000cfa80000, 0x00000000eab00000)
  object space 256512K, 99% used [0x00000000c0000000,0x00000000cfa344e8,0x00000000cfa80000)
 Metaspace       used 73186K, committed 74432K, reserved 1179648K
  class space    used 7809K, committed 8320K, reserved 1048576K
}
Event: 61.729 GC heap after
{Heap after GC invocations=171 (full 11):
 PSYoungGen      total 41472K, used 9887K [0x00000000eab00000, 0x00000000ef880000, 0x0000000100000000)
  eden space 28672K, 0% used [0x00000000eab00000,0x00000000eab00000,0x00000000ec700000)
  from space 12800K, 77% used [0x00000000ec700000,0x00000000ed0a7d60,0x00000000ed380000)
  to   space 23552K, 0% used [0x00000000ee180000,0x00000000ee180000,0x00000000ef880000)
 ParOldGen       total 256512K, used 256058K [0x00000000c0000000, 0x00000000cfa80000, 0x00000000eab00000)
  object space 256512K, 99% used [0x00000000c0000000,0x00000000cfa0ea98,0x00000000cfa80000)
 Metaspace       used 73186K, committed 74432K, reserved 1179648K
  class space    used 7809K, committed 8320K, reserved 1048576K
}

Dll operation events (12 events):
Event: 2.417 Loaded shared library c:\Users\Administrator.PBKApple7\.vscode\extensions\redhat.java-1.35.1-win32-x64\jre\17.0.12-win32-x86_64\bin\java.dll
Event: 2.879 Loaded shared library c:\Users\Administrator.PBKApple7\.vscode\extensions\redhat.java-1.35.1-win32-x64\jre\17.0.12-win32-x86_64\bin\zip.dll
Event: 2.890 Loaded shared library C:\Users\Administrator.PBKApple7\.vscode\extensions\redhat.java-1.35.1-win32-x64\jre\17.0.12-win32-x86_64\bin\instrument.dll
Event: 2.965 Loaded shared library C:\Users\Administrator.PBKApple7\.vscode\extensions\redhat.java-1.35.1-win32-x64\jre\17.0.12-win32-x86_64\bin\net.dll
Event: 3.004 Loaded shared library C:\Users\Administrator.PBKApple7\.vscode\extensions\redhat.java-1.35.1-win32-x64\jre\17.0.12-win32-x86_64\bin\nio.dll
Event: 3.030 Loaded shared library C:\Users\Administrator.PBKApple7\.vscode\extensions\redhat.java-1.35.1-win32-x64\jre\17.0.12-win32-x86_64\bin\zip.dll
Event: 3.106 Loaded shared library C:\Users\Administrator.PBKApple7\.vscode\extensions\redhat.java-1.35.1-win32-x64\jre\17.0.12-win32-x86_64\bin\jimage.dll
Event: 3.401 Loaded shared library c:\Users\Administrator.PBKApple7\.vscode\extensions\redhat.java-1.35.1-win32-x64\jre\17.0.12-win32-x86_64\bin\verify.dll
Event: 15.538 Loaded shared library C:\Users\Administrator.PBKApple7\AppData\Roaming\Code\User\globalStorage\redhat.java\1.35.1\config_win\org.eclipse.equinox.launcher\org.eclipse.equinox.launcher.win32.win32.x86_64_1.2.1100.v20240722-2106\eclipse_11904.dll
Event: 31.064 Loaded shared library C:\Users\Administrator.PBKApple7\AppData\Local\Temp\jna-146731693\jna141998976065229618.dll
Event: 37.845 Loaded shared library C:\Users\Administrator.PBKApple7\.vscode\extensions\redhat.java-1.35.1-win32-x64\jre\17.0.12-win32-x86_64\bin\sunmscapi.dll
Event: 38.220 Loaded shared library C:\Users\Administrator.PBKApple7\.vscode\extensions\redhat.java-1.35.1-win32-x64\jre\17.0.12-win32-x86_64\bin\extnet.dll

Deoptimization events (20 events):
Event: 54.715 Thread 0x0000001515e11aa0 DEOPT PACKING pc=0x0000001507f06068 sp=0x000000151a24ec20
Event: 54.715 Thread 0x0000001515e11aa0 DEOPT UNPACKING pc=0x00000015075866a3 sp=0x000000151a24eb70 mode 2
Event: 54.720 Thread 0x0000001515e11aa0 Uncommon trap: trap_request=0xffffff45 fr.pc=0x0000001507e93c98 relative=0x0000000000000d38
Event: 54.720 Thread 0x0000001515e11aa0 Uncommon trap: reason=unstable_if action=reinterpret pc=0x0000001507e93c98 method=org.eclipse.jdt.internal.compiler.classfmt.FieldInfo.createField([B[IIJ)Lorg/eclipse/jdt/internal/compiler/classfmt/FieldInfo; @ 167 c2
Event: 54.720 Thread 0x0000001515e11aa0 DEOPT PACKING pc=0x0000001507e93c98 sp=0x000000151a24ec30
Event: 54.720 Thread 0x0000001515e11aa0 DEOPT UNPACKING pc=0x00000015075866a3 sp=0x000000151a24eb98 mode 2
Event: 60.338 Thread 0x0000001515e11aa0 Uncommon trap: trap_request=0xffffff45 fr.pc=0x000000150802f898 relative=0x0000000000001198
Event: 60.338 Thread 0x0000001515e11aa0 Uncommon trap: reason=unstable_if action=reinterpret pc=0x000000150802f898 method=org.eclipse.jdt.internal.compiler.classfmt.AnnotationInfo.scanAnnotation(IZZ)I @ 209 c2
Event: 60.338 Thread 0x0000001515e11aa0 DEOPT PACKING pc=0x000000150802f898 sp=0x000000151a24eae0
Event: 60.338 Thread 0x0000001515e11aa0 DEOPT UNPACKING pc=0x00000015075866a3 sp=0x000000151a24ea78 mode 2
Event: 60.409 Thread 0x0000001515e11aa0 Uncommon trap: trap_request=0xffffff45 fr.pc=0x0000001507f81f88 relative=0x0000000000000088
Event: 60.409 Thread 0x0000001515e11aa0 Uncommon trap: reason=unstable_if action=reinterpret pc=0x0000001507f81f88 method=org.eclipse.jdt.internal.compiler.ast.TypeDeclaration.kind(I)I @ 5 c2
Event: 60.409 Thread 0x0000001515e11aa0 DEOPT PACKING pc=0x0000001507f81f88 sp=0x000000151a24ed70
Event: 60.409 Thread 0x0000001515e11aa0 DEOPT UNPACKING pc=0x00000015075866a3 sp=0x000000151a24ecf8 mode 2
Event: 62.050 Thread 0x0000001515e11aa0 DEOPT PACKING pc=0x00000015007c3b7f sp=0x000000151a24eee0
Event: 62.050 Thread 0x0000001515e11aa0 DEOPT UNPACKING pc=0x0000001507586e43 sp=0x000000151a24e430 mode 0
Event: 62.061 Thread 0x0000001515e11aa0 Uncommon trap: trap_request=0xffffff45 fr.pc=0x00000015080402e0 relative=0x0000000000000700
Event: 62.061 Thread 0x0000001515e11aa0 Uncommon trap: reason=unstable_if action=reinterpret pc=0x00000015080402e0 method=org.eclipse.jdt.internal.core.index.DiskIndex.computeDocumentNames([Ljava/lang/String;[ILorg/eclipse/jdt/internal/compiler/util/SimpleLookupTable;Lorg/eclipse/jdt/internal/c
Event: 62.061 Thread 0x0000001515e11aa0 DEOPT PACKING pc=0x00000015080402e0 sp=0x000000151a24efb0
Event: 62.061 Thread 0x0000001515e11aa0 DEOPT UNPACKING pc=0x00000015075866a3 sp=0x000000151a24ef40 mode 2

Classes loaded (20 events):
Event: 44.038 Loading class java/lang/invoke/BoundMethodHandle$Species_LLLLLLLLLLL
Event: 44.039 Loading class java/lang/invoke/BoundMethodHandle$Species_LLLLLLLLLLL done
Event: 44.041 Loading class java/lang/invoke/BoundMethodHandle$Species_LLLLLLLLLLLL
Event: 44.041 Loading class java/lang/invoke/BoundMethodHandle$Species_LLLLLLLLLLLL done
Event: 44.043 Loading class java/lang/invoke/BoundMethodHandle$Species_LLLLLLLLLLLLL
Event: 44.056 Loading class java/lang/invoke/BoundMethodHandle$Species_LLLLLLLLLLLLL done
Event: 44.804 Loading class java/util/LinkedList$LLSpliterator
Event: 44.804 Loading class java/util/LinkedList$LLSpliterator done
Event: 44.816 Loading class javax/xml/transform/TransformerConfigurationException
Event: 44.816 Loading class javax/xml/transform/TransformerConfigurationException done
Event: 47.005 Loading class jdk/internal/ref/CleanerImpl$InnocuousThreadFactory
Event: 47.005 Loading class jdk/internal/ref/CleanerImpl$InnocuousThreadFactory done
Event: 47.077 Loading class java/util/regex/Pattern$1
Event: 47.083 Loading class java/util/regex/Pattern$1 done
Event: 49.454 Loading class sun/security/ssl/Alert
Event: 49.455 Loading class sun/security/ssl/Alert done
Event: 49.455 Loading class sun/security/ssl/Alert$AlertConsumer
Event: 49.455 Loading class sun/security/ssl/Alert$AlertConsumer done
Event: 49.455 Loading class sun/security/ssl/Alert$Level
Event: 49.455 Loading class sun/security/ssl/Alert$Level done

Classes unloaded (8 events):
Event: 33.427 Thread 0x000000157b589a40 Unloading class 0x0000000100258400 'java/lang/invoke/LambdaForm$MH+0x0000000100258400'
Event: 33.427 Thread 0x000000157b589a40 Unloading class 0x0000000100258000 'java/lang/invoke/LambdaForm$MH+0x0000000100258000'
Event: 33.427 Thread 0x000000157b589a40 Unloading class 0x0000000100257c00 'java/lang/invoke/LambdaForm$MH+0x0000000100257c00'
Event: 33.427 Thread 0x000000157b589a40 Unloading class 0x0000000100257800 'java/lang/invoke/LambdaForm$MH+0x0000000100257800'
Event: 33.427 Thread 0x000000157b589a40 Unloading class 0x0000000100257400 'java/lang/invoke/LambdaForm$BMH+0x0000000100257400'
Event: 33.427 Thread 0x000000157b589a40 Unloading class 0x0000000100257000 'java/lang/invoke/LambdaForm$DMH+0x0000000100257000'
Event: 33.427 Thread 0x000000157b589a40 Unloading class 0x0000000100254400 'java/lang/invoke/LambdaForm$DMH+0x0000000100254400'
Event: 48.803 Thread 0x000000157b589a40 Unloading class 0x00000001007bc400 'java/lang/invoke/LambdaForm$DMH+0x00000001007bc400'

Classes redefined (0 events):
No events

Internal exceptions (20 events):
Event: 43.808 Thread 0x0000001516646e40 Exception <a 'sun/nio/fs/WindowsException'{0x00000000eb1a9768}> (0x00000000eb1a9768) 
thrown [s\src\hotspot\share\prims\jni.cpp, line 516]
Event: 43.809 Thread 0x0000001516646e40 Exception <a 'sun/nio/fs/WindowsException'{0x00000000eb1aad28}> (0x00000000eb1aad28) 
thrown [s\src\hotspot\share\prims\jni.cpp, line 516]
Event: 43.809 Thread 0x0000001516646e40 Exception <a 'sun/nio/fs/WindowsException'{0x00000000eb1ab360}> (0x00000000eb1ab360) 
thrown [s\src\hotspot\share\prims\jni.cpp, line 516]
Event: 43.846 Thread 0x0000001516646e40 Exception <a 'sun/nio/fs/WindowsException'{0x00000000eb21fab8}> (0x00000000eb21fab8) 
thrown [s\src\hotspot\share\prims\jni.cpp, line 516]
Event: 43.846 Thread 0x0000001516646e40 Exception <a 'sun/nio/fs/WindowsException'{0x00000000eb2200f0}> (0x00000000eb2200f0) 
thrown [s\src\hotspot\share\prims\jni.cpp, line 516]
Event: 43.848 Thread 0x0000001516646e40 Exception <a 'sun/nio/fs/WindowsException'{0x00000000eb220d30}> (0x00000000eb220d30) 
thrown [s\src\hotspot\share\prims\jni.cpp, line 516]
Event: 43.849 Thread 0x0000001516646e40 Exception <a 'sun/nio/fs/WindowsException'{0x00000000eb221368}> (0x00000000eb221368) 
thrown [s\src\hotspot\share\prims\jni.cpp, line 516]
Event: 43.849 Thread 0x0000001516646e40 Exception <a 'sun/nio/fs/WindowsException'{0x00000000eb236d20}> (0x00000000eb236d20) 
thrown [s\src\hotspot\share\prims\jni.cpp, line 516]
Event: 43.849 Thread 0x0000001516646e40 Exception <a 'sun/nio/fs/WindowsException'{0x00000000eb237358}> (0x00000000eb237358) 
thrown [s\src\hotspot\share\prims\jni.cpp, line 516]
Event: 43.871 Thread 0x0000001515e11080 Exception <a 'java/lang/NoSuchMethodError'{0x00000000eb2b7e08}: 'java.lang.Object java.lang.invoke.DirectMethodHandle$Holder.newInvokeSpecial(java.lang.Object, java.lang.Object, java.lang.Object, java.lang.Object, java.lang.Object, java.lang.Object)'> (0x00000000eb2b7e08) 
thrown [s\src\hotspot\share\interpreter\linkResolver.cpp, line 759]
Event: 44.014 Thread 0x0000001515e11aa0 Exception <a 'sun/nio/fs/WindowsException'{0x00000000eabbaec8}> (0x00000000eabbaec8) 
thrown [s\src\hotspot\share\prims\jni.cpp, line 516]
Event: 44.725 Thread 0x00000015163b81f0 Exception <a 'sun/nio/fs/WindowsException'{0x00000000eaf94940}> (0x00000000eaf94940) 
thrown [s\src\hotspot\share\prims\jni.cpp, line 516]
Event: 44.725 Thread 0x00000015163b81f0 Exception <a 'sun/nio/fs/WindowsException'{0x00000000eaf95240}> (0x00000000eaf95240) 
thrown [s\src\hotspot\share\prims\jni.cpp, line 516]
Event: 44.725 Thread 0x00000015163b81f0 Exception <a 'sun/nio/fs/WindowsException'{0x00000000eaf96110}> (0x00000000eaf96110) 
thrown [s\src\hotspot\share\prims\jni.cpp, line 516]
Event: 44.725 Thread 0x00000015163b81f0 Exception <a 'sun/nio/fs/WindowsException'{0x00000000eaf969f0}> (0x00000000eaf969f0) 
thrown [s\src\hotspot\share\prims\jni.cpp, line 516]
Event: 44.726 Thread 0x00000015163b81f0 Exception <a 'sun/nio/fs/WindowsException'{0x00000000eaf9e908}> (0x00000000eaf9e908) 
thrown [s\src\hotspot\share\prims\jni.cpp, line 516]
Event: 44.726 Thread 0x00000015163b81f0 Exception <a 'sun/nio/fs/WindowsException'{0x00000000eaf9f1e8}> (0x00000000eaf9f1e8) 
thrown [s\src\hotspot\share\prims\jni.cpp, line 516]
Event: 46.356 Thread 0x0000001515e11aa0 Implicit null exception at 0x0000001507f4212c to 0x0000001507f4221c
Event: 47.144 Thread 0x00000015163b81f0 Exception <a 'java/lang/NoSuchMethodError'{0x00000000eb520778}: 'java.lang.Object java.lang.invoke.DirectMethodHandle$Holder.invokeStatic(java.lang.Object, int, java.lang.Object, java.lang.Object, java.lang.Object, java.lang.Object)'> (0x00000000eb520778) 
thrown [s\src\hotspot\share\interpreter\linkResolver.cpp, line 759]
Event: 47.896 Thread 0x00000015163b81f0 Implicit null exception at 0x0000001507bf5a78 to 0x0000001507bf5c0c

VM Operations (20 events):
Event: 59.624 Executing VM operation: ParallelGCFailedAllocation
Event: 59.628 Executing VM operation: ParallelGCFailedAllocation done
Event: 59.879 Executing VM operation: ParallelGCFailedAllocation
Event: 59.894 Executing VM operation: ParallelGCFailedAllocation done
Event: 60.041 Executing VM operation: ParallelGCFailedAllocation
Event: 60.062 Executing VM operation: ParallelGCFailedAllocation done
Event: 60.214 Executing VM operation: ParallelGCFailedAllocation
Event: 60.231 Executing VM operation: ParallelGCFailedAllocation done
Event: 60.361 Executing VM operation: ParallelGCFailedAllocation
Event: 60.382 Executing VM operation: ParallelGCFailedAllocation done
Event: 60.503 Executing VM operation: ParallelGCFailedAllocation
Event: 60.518 Executing VM operation: ParallelGCFailedAllocation done
Event: 60.646 Executing VM operation: ParallelGCFailedAllocation
Event: 60.664 Executing VM operation: ParallelGCFailedAllocation done
Event: 60.832 Executing VM operation: ParallelGCFailedAllocation
Event: 60.851 Executing VM operation: ParallelGCFailedAllocation done
Event: 60.931 Executing VM operation: ParallelGCFailedAllocation
Event: 60.960 Executing VM operation: ParallelGCFailedAllocation done
Event: 61.029 Executing VM operation: ParallelGCFailedAllocation
Event: 61.729 Executing VM operation: ParallelGCFailedAllocation done

Events (20 events):
Event: 46.533 Thread 0x000000151443ce00 flushing nmethod 0x0000001500fb7d10
Event: 46.533 Thread 0x000000151443ce00 flushing nmethod 0x0000001500fb8410
Event: 46.533 Thread 0x000000151443ce00 flushing nmethod 0x0000001500fb8a90
Event: 46.533 Thread 0x000000151443ce00 flushing nmethod 0x0000001500fb9c10
Event: 46.533 Thread 0x000000151443ce00 flushing nmethod 0x0000001500fbcd10
Event: 46.533 Thread 0x000000151443ce00 flushing nmethod 0x0000001500fc0e90
Event: 46.533 Thread 0x000000151443ce00 flushing nmethod 0x0000001500fcb890
Event: 46.534 Thread 0x000000151443ce00 flushing nmethod 0x000000150101a310
Event: 46.534 Thread 0x000000151443ce00 flushing nmethod 0x000000150101da90
Event: 46.534 Thread 0x000000151443ce00 flushing nmethod 0x0000001501047e10
Event: 46.534 Thread 0x000000151443ce00 flushing nmethod 0x0000001501049e10
Event: 46.534 Thread 0x000000151443ce00 flushing nmethod 0x0000001501071090
Event: 47.008 Thread 0x00000015163b7ce0 Thread added: 0x00000015163b7ce0
Event: 47.885 Thread 0x000000151553d4d0 Thread exited: 0x000000151553d4d0
Event: 47.890 Thread 0x000000151553d4d0 Thread added: 0x000000151553d4d0
Event: 49.456 Thread 0x0000001516645a00 Thread exited: 0x0000001516645a00
Event: 51.807 Thread 0x000000151553d4d0 Thread exited: 0x000000151553d4d0
Event: 52.860 Thread 0x000000151553d4d0 Thread added: 0x000000151553d4d0
Event: 53.041 Thread 0x000000151443ce00 flushing nmethod 0x000000150102e210
Event: 53.918 Thread 0x000000151553d4d0 Thread exited: 0x000000151553d4d0


Dynamic libraries:
0x00007ff625220000 - 0x00007ff62522e000 	c:\Users\Administrator.PBKApple7\.vscode\extensions\redhat.java-1.35.1-win32-x64\jre\17.0.12-win32-x86_64\bin\java.exe
0x00007ffed2870000 - 0x00007ffed2a1d000 	C:\Windows\SYSTEM32\ntdll.dll
0x00007ffed1510000 - 0x00007ffed164f000 	C:\Windows\system32\KERNEL32.DLL
0x00007ffeb6de0000 - 0x00007ffeb6dfa000 	C:\Program Files\AVG\Antivirus\aswhook.dll
0x00007ffecfd90000 - 0x00007ffecfea6000 	C:\Windows\system32\KERNELBASE.dll
0x00007ffeb9de0000 - 0x00007ffeb9df7000 	c:\Users\Administrator.PBKApple7\.vscode\extensions\redhat.java-1.35.1-win32-x64\jre\17.0.12-win32-x86_64\bin\jli.dll
0x00007ffeb8850000 - 0x00007ffeb886b000 	c:\Users\Administrator.PBKApple7\.vscode\extensions\redhat.java-1.35.1-win32-x64\jre\17.0.12-win32-x86_64\bin\VCRUNTIME140.dll
0x00007ffec64d0000 - 0x00007ffec64d5000 	c:\Users\Administrator.PBKApple7\.vscode\extensions\redhat.java-1.35.1-win32-x64\jre\17.0.12-win32-x86_64\bin\api-ms-win-crt-stdio-l1-1-0.dll
0x00007ffec4f20000 - 0x00007ffec4f25000 	c:\Users\Administrator.PBKApple7\.vscode\extensions\redhat.java-1.35.1-win32-x64\jre\17.0.12-win32-x86_64\bin\api-ms-win-crt-runtime-l1-1-0.dll
0x00007ffec4c60000 - 0x00007ffec4c64000 	c:\Users\Administrator.PBKApple7\.vscode\extensions\redhat.java-1.35.1-win32-x64\jre\17.0.12-win32-x86_64\bin\api-ms-win-crt-environment-l1-1-0.dll
0x00007ffec4ba0000 - 0x00007ffec4ba6000 	c:\Users\Administrator.PBKApple7\.vscode\extensions\redhat.java-1.35.1-win32-x64\jre\17.0.12-win32-x86_64\bin\api-ms-win-crt-math-l1-1-0.dll
0x00007ffec2230000 - 0x00007ffec2234000 	c:\Users\Administrator.PBKApple7\.vscode\extensions\redhat.java-1.35.1-win32-x64\jre\17.0.12-win32-x86_64\bin\api-ms-win-crt-locale-l1-1-0.dll
0x00007ffec2080000 - 0x00007ffec2084000 	c:\Users\Administrator.PBKApple7\.vscode\extensions\redhat.java-1.35.1-win32-x64\jre\17.0.12-win32-x86_64\bin\api-ms-win-crt-heap-l1-1-0.dll
0x00007ffeccd20000 - 0x00007ffeccf9b000 	C:\Windows\WinSxS\amd64_microsoft.windows.common-controls_6595b64144ccf1df_6.0.9600.19291_none_6248a9f3ecb5e89b\COMCTL32.dll
0x00007ffed1ef0000 - 0x00007ffed2067000 	C:\Windows\system32\USER32.dll
0x00007ffec1a70000 - 0x00007ffec1a74000 	c:\Users\Administrator.PBKApple7\.vscode\extensions\redhat.java-1.35.1-win32-x64\jre\17.0.12-win32-x86_64\bin\api-ms-win-crt-filesystem-l1-1-0.dll
0x00007ffec1340000 - 0x00007ffec1345000 	c:\Users\Administrator.PBKApple7\.vscode\extensions\redhat.java-1.35.1-win32-x64\jre\17.0.12-win32-x86_64\bin\api-ms-win-crt-string-l1-1-0.dll
0x00007ffeb8840000 - 0x00007ffeb8845000 	c:\Users\Administrator.PBKApple7\.vscode\extensions\redhat.java-1.35.1-win32-x64\jre\17.0.12-win32-x86_64\bin\api-ms-win-crt-convert-l1-1-0.dll
0x00007ffed1e40000 - 0x00007ffed1eea000 	C:\Windows\system32\msvcrt.dll
0x00007ffed1c50000 - 0x00007ffed1d9c000 	C:\Windows\system32\GDI32.dll
0x00007ffe8dee0000 - 0x00007ffe8dff1000 	c:\Users\Administrator.PBKApple7\.vscode\extensions\redhat.java-1.35.1-win32-x64\jre\17.0.12-win32-x86_64\bin\ucrtbase.DLL
0x00007ffed1e00000 - 0x00007ffed1e36000 	C:\Windows\system32\IMM32.DLL
0x00007ffed2070000 - 0x00007ffed21c1000 	C:\Windows\system32\MSCTF.dll
0x00007ffeb8830000 - 0x00007ffeb883c000 	c:\Users\Administrator.PBKApple7\.vscode\extensions\redhat.java-1.35.1-win32-x64\jre\17.0.12-win32-x86_64\bin\vcruntime140_1.dll
0x00007ffeb6af0000 - 0x00007ffeb6b7d000 	c:\Users\Administrator.PBKApple7\.vscode\extensions\redhat.java-1.35.1-win32-x64\jre\17.0.12-win32-x86_64\bin\msvcp140.dll
0x00007ffeb8820000 - 0x00007ffeb8824000 	c:\Users\Administrator.PBKApple7\.vscode\extensions\redhat.java-1.35.1-win32-x64\jre\17.0.12-win32-x86_64\bin\api-ms-win-crt-time-l1-1-0.dll
0x00007ffeb8810000 - 0x00007ffeb8814000 	c:\Users\Administrator.PBKApple7\.vscode\extensions\redhat.java-1.35.1-win32-x64\jre\17.0.12-win32-x86_64\bin\api-ms-win-crt-utility-l1-1-0.dll
0x00007ffe6bf40000 - 0x00007ffe6cbaa000 	c:\Users\Administrator.PBKApple7\.vscode\extensions\redhat.java-1.35.1-win32-x64\jre\17.0.12-win32-x86_64\bin\server\jvm.dll
0x00007ffed2590000 - 0x00007ffed263a000 	C:\Windows\system32\ADVAPI32.dll
0x00007ffecf940000 - 0x00007ffecf986000 	C:\Windows\SYSTEM32\POWRPROF.dll
0x00007ffed2650000 - 0x00007ffed26aa000 	C:\Windows\system32\WS2_32.dll
0x00007ffec92e0000 - 0x00007ffec9302000 	C:\Windows\SYSTEM32\WINMM.dll
0x00007ffec8700000 - 0x00007ffec870a000 	C:\Windows\SYSTEM32\VERSION.dll
0x00007ffed1da0000 - 0x00007ffed1df9000 	C:\Windows\SYSTEM32\sechost.dll
0x00007ffed1b10000 - 0x00007ffed1c50000 	C:\Windows\system32\RPCRT4.dll
0x00007ffed2320000 - 0x00007ffed2329000 	C:\Windows\system32\NSI.dll
0x00007ffec8e40000 - 0x00007ffec8e6a000 	C:\Windows\SYSTEM32\WINMMBASE.dll
0x00007ffecfcb0000 - 0x00007ffecfcde000 	C:\Windows\system32\SspiCli.dll
0x00007ffecfeb0000 - 0x00007ffecfeff000 	C:\Windows\SYSTEM32\cfgmgr32.dll
0x00007ffece7b0000 - 0x00007ffece7d8000 	C:\Windows\SYSTEM32\DEVOBJ.dll
0x00007ffeb8800000 - 0x00007ffeb880a000 	c:\Users\Administrator.PBKApple7\.vscode\extensions\redhat.java-1.35.1-win32-x64\jre\17.0.12-win32-x86_64\bin\jimage.dll
0x00007ffecdc60000 - 0x00007ffecdde9000 	C:\Windows\SYSTEM32\DBGHELP.DLL
0x00007ffeb87f0000 - 0x00007ffeb87fe000 	c:\Users\Administrator.PBKApple7\.vscode\extensions\redhat.java-1.35.1-win32-x64\jre\17.0.12-win32-x86_64\bin\instrument.dll
0x00007ffeb7cc0000 - 0x00007ffeb7ce5000 	c:\Users\Administrator.PBKApple7\.vscode\extensions\redhat.java-1.35.1-win32-x64\jre\17.0.12-win32-x86_64\bin\java.dll
0x00007ffeb7300000 - 0x00007ffeb7318000 	c:\Users\Administrator.PBKApple7\.vscode\extensions\redhat.java-1.35.1-win32-x64\jre\17.0.12-win32-x86_64\bin\zip.dll
0x00007ffecffe0000 - 0x00007ffed150b000 	C:\Windows\system32\SHELL32.dll
0x00007ffed18a0000 - 0x00007ffed1ab0000 	C:\Windows\SYSTEM32\combase.dll
0x00007ffed1ab0000 - 0x00007ffed1b04000 	C:\Windows\system32\SHLWAPI.dll
0x00007ffecdba0000 - 0x00007ffecdc52000 	C:\Windows\SYSTEM32\SHCORE.dll
0x00007ffecf9a0000 - 0x00007ffecf9b5000 	C:\Windows\SYSTEM32\profapi.dll
0x00007ffeb7110000 - 0x00007ffeb7129000 	C:\Users\Administrator.PBKApple7\.vscode\extensions\redhat.java-1.35.1-win32-x64\jre\17.0.12-win32-x86_64\bin\net.dll
0x00007ffec4f50000 - 0x00007ffec5019000 	C:\Windows\SYSTEM32\WINHTTP.dll
0x00007ffecf230000 - 0x00007ffecf289000 	C:\Windows\system32\mswsock.dll
0x00007ffeb7080000 - 0x00007ffeb7096000 	C:\Users\Administrator.PBKApple7\.vscode\extensions\redhat.java-1.35.1-win32-x64\jre\17.0.12-win32-x86_64\bin\nio.dll
0x00007ffeb86b0000 - 0x00007ffeb86c0000 	c:\Users\Administrator.PBKApple7\.vscode\extensions\redhat.java-1.35.1-win32-x64\jre\17.0.12-win32-x86_64\bin\verify.dll
0x00007ffeb6970000 - 0x00007ffeb69b5000 	C:\Users\Administrator.PBKApple7\AppData\Roaming\Code\User\globalStorage\redhat.java\1.35.1\config_win\org.eclipse.equinox.launcher\org.eclipse.equinox.launcher.win32.win32.x86_64_1.2.1100.v20240722-2106\eclipse_11904.dll
0x00007ffed23f0000 - 0x00007ffed2584000 	C:\Windows\system32\ole32.dll
0x00007ffecf290000 - 0x00007ffecf2b0000 	C:\Windows\SYSTEM32\CRYPTSP.dll
0x00007ffeceeb0000 - 0x00007ffeceee6000 	C:\Windows\system32\rsaenh.dll
0x00007ffecf4e0000 - 0x00007ffecf506000 	C:\Windows\SYSTEM32\bcrypt.dll
0x00007ffecefc0000 - 0x00007ffecefe1000 	C:\Windows\SYSTEM32\USERENV.dll
0x00007ffecf800000 - 0x00007ffecf863000 	C:\Windows\system32\bcryptprimitives.dll
0x00007ffecf870000 - 0x00007ffecf87b000 	C:\Windows\SYSTEM32\CRYPTBASE.dll
0x00007ffeca250000 - 0x00007ffeca27a000 	C:\Windows\SYSTEM32\IPHLPAPI.DLL
0x00007ffeca230000 - 0x00007ffeca23a000 	C:\Windows\SYSTEM32\WINNSI.DLL
0x00007ffec9cf0000 - 0x00007ffec9d06000 	C:\Windows\SYSTEM32\dhcpcsvc6.DLL
0x00007ffec9f00000 - 0x00007ffec9f1a000 	C:\Windows\SYSTEM32\dhcpcsvc.DLL
0x00007ffeb5e50000 - 0x00007ffeb5e99000 	C:\Users\Administrator.PBKApple7\AppData\Local\Temp\jna-146731693\jna141998976065229618.dll
0x00007ffecffd0000 - 0x00007ffecffd7000 	C:\Windows\system32\PSAPI.DLL
0x00007ffeb8140000 - 0x00007ffeb814e000 	C:\Users\Administrator.PBKApple7\.vscode\extensions\redhat.java-1.35.1-win32-x64\jre\17.0.12-win32-x86_64\bin\sunmscapi.dll
0x00007ffecfad0000 - 0x00007ffecfcaf000 	C:\Windows\system32\CRYPT32.dll
0x00007ffecf4b0000 - 0x00007ffecf4d5000 	C:\Windows\SYSTEM32\ncrypt.dll
0x00007ffecfa50000 - 0x00007ffecfa61000 	C:\Windows\system32\MSASN1.dll
0x00007ffecf470000 - 0x00007ffecf4a7000 	C:\Windows\SYSTEM32\NTASN1.dll
0x00007ffecf030000 - 0x00007ffecf0d4000 	C:\Windows\SYSTEM32\DNSAPI.dll
0x000000006e920000 - 0x000000006e946000 	C:\Program Files\Bonjour\mdnsNSP.dll
0x00007ffec00e0000 - 0x00007ffec00ea000 	C:\Windows\System32\rasadhlp.dll
0x00007ffec9dd0000 - 0x00007ffec9e3b000 	C:\Windows\System32\fwpuclnt.dll
0x00007ffeb7cb0000 - 0x00007ffeb7cb9000 	C:\Users\Administrator.PBKApple7\.vscode\extensions\redhat.java-1.35.1-win32-x64\jre\17.0.12-win32-x86_64\bin\extnet.dll

dbghelp: loaded successfully - version: 4.0.5 - missing functions: none
symbol engine: initialized successfully - sym options: 0x614 - pdb path: .;c:\Users\Administrator.PBKApple7\.vscode\extensions\redhat.java-1.35.1-win32-x64\jre\17.0.12-win32-x86_64\bin;C:\Windows\SYSTEM32;C:\Program Files\AVG\Antivirus;C:\Windows\WinSxS\amd64_microsoft.windows.common-controls_6595b64144ccf1df_6.0.9600.19291_none_6248a9f3ecb5e89b;c:\Users\Administrator.PBKApple7\.vscode\extensions\redhat.java-1.35.1-win32-x64\jre\17.0.12-win32-x86_64\bin\server;C:\Users\Administrator.PBKApple7\AppData\Roaming\Code\User\globalStorage\redhat.java\1.35.1\config_win\org.eclipse.equinox.launcher\org.eclipse.equinox.launcher.win32.win32.x86_64_1.2.1100.v20240722-2106;C:\Users\Administrator.PBKApple7\AppData\Local\Temp\jna-146731693;C:\Program Files\Bonjour

VM Arguments:
jvm_args: --add-modules=ALL-SYSTEM --add-opens=java.base/java.util=ALL-UNNAMED --add-opens=java.base/java.lang=ALL-UNNAMED --add-opens=java.base/sun.nio.fs=ALL-UNNAMED -Declipse.application=org.eclipse.jdt.ls.core.id1 -Dosgi.bundles.defaultStartLevel=4 -Declipse.product=org.eclipse.jdt.ls.core.product -Djava.import.generatesMetadataFilesAtProjectRoot=false -DDetectVMInstallationsJob.disabled=true -Dfile.encoding=utf8 -XX:+UseParallelGC -XX:GCTimeRatio=4 -XX:AdaptiveSizePolicyWeight=90 -Dsun.zip.disableMemoryMapping=true -Xmx1G -Xms100m -Xlog:disable -javaagent:c:\Users\Administrator.PBKApple7\.vscode\extensions\redhat.java-1.35.1-win32-x64\lombok\lombok-1.18.33.jar -XX:+HeapDumpOnOutOfMemoryError -XX:HeapDumpPath=c:\Users\Administrator.PBKApple7\AppData\Roaming\Code\User\workspaceStorage\f98505da49d51f35e6f4c29f9298e828\redhat.java -Daether.dependencyCollector.impl=bf 
java_command: c:\Users\Administrator.PBKApple7\.vscode\extensions\redhat.java-1.35.1-win32-x64\server\plugins\org.eclipse.equinox.launcher_1.6.900.v20240613-2009.jar -configuration c:\Users\Administrator.PBKApple7\AppData\Roaming\Code\User\globalStorage\redhat.java\1.35.1\config_win -data c:\Users\Administrator.PBKApple7\AppData\Roaming\Code\User\workspaceStorage\f98505da49d51f35e6f4c29f9298e828\redhat.java\jdt_ws --pipe=\\.\pipe\lsp-2ef02904d6f1ca4614abca83144d4461-sock
java_class_path (initial): c:\Users\Administrator.PBKApple7\.vscode\extensions\redhat.java-1.35.1-win32-x64\server\plugins\org.eclipse.equinox.launcher_1.6.900.v20240613-2009.jar
Launcher Type: SUN_STANDARD

[Global flags]
    uintx AdaptiveSizePolicyWeight                 = 90                                        {product} {command line}
     intx CICompilerCount                          = 3                                         {product} {ergonomic}
    uintx GCTimeRatio                              = 4                                         {product} {command line}
     bool HeapDumpOnOutOfMemoryError               = true                                   {manageable} {command line}
    ccstr HeapDumpPath                             = c:\Users\Administrator.PBKApple7\AppData\Roaming\Code\User\workspaceStorage\f98505da49d51f35e6f4c29f9298e828\redhat.java         {manageable} {command line}
   size_t InitialHeapSize                          = 104857600                                 {product} {command line}
   size_t MaxHeapSize                              = 1073741824                                {product} {command line}
   size_t MaxNewSize                               = 357564416                                 {product} {ergonomic}
   size_t MinHeapDeltaBytes                        = 524288                                    {product} {ergonomic}
   size_t MinHeapSize                              = 104857600                                 {product} {command line}
   size_t NewSize                                  = 34603008                                  {product} {ergonomic}
    uintx NonNMethodCodeHeapSize                   = 5832780                                {pd product} {ergonomic}
    uintx NonProfiledCodeHeapSize                  = 122912730                              {pd product} {ergonomic}
   size_t OldSize                                  = 70254592                                  {product} {ergonomic}
    uintx ProfiledCodeHeapSize                     = 122912730                              {pd product} {ergonomic}
    uintx ReservedCodeCacheSize                    = 251658240                              {pd product} {ergonomic}
     bool SegmentedCodeCache                       = true                                      {product} {ergonomic}
   size_t SoftMaxHeapSize                          = 1073741824                             {manageable} {ergonomic}
     bool UseCompressedClassPointers               = true                           {product lp64_product} {ergonomic}
     bool UseCompressedOops                        = true                           {product lp64_product} {ergonomic}
     bool UseLargePagesIndividualAllocation        = false                                  {pd product} {ergonomic}
     bool UseParallelGC                            = true                                      {product} {command line}

Logging:
Log output configuration:
 #0: stdout all=off uptime,level,tags
 #1: stderr all=off uptime,level,tags

Environment Variables:
PATH=C:\Users\Administrator.PBKApple7\bin;C:\Program Files\Git\mingw64\bin;C:\Program Files\Git\usr\local\bin;C:\Program Files\Git\usr\bin;C:\Program Files\Git\usr\bin;C:\Program Files\Git\mingw64\bin;C:\Program Files\Git\usr\bin;C:\Users\Administrator.PBKApple7\bin;C:\Program Files (x86)\Borland\Delphi7\Bin;C:\Program Files (x86)\Borland\Delphi7\Projects\Bpl;C:\Program Files\Common Files\Oracle\Java\javapath;C:\Program Files (x86)\Common Files\Oracle\Java\javapath;C:\Windows\system32;C:\Windows;C:\Windows\System32\Wbem;C:\Windows\System32\WindowsPowerShell\v1.0;C:\Program Files\Microsoft VS Code\bin;C:\Program Files\Microsoft SQL Server\130\Tools\Binn;C:\Program Files\Git\cmd;C:\Go\bin;C:\Program Files\nodejs;C:\Users\Administrator.PBKApple7\go\bin;C:\Users\Administrator.PBKApple7\AppData\Roaming\npm;C:\Program Files\Git\usr\bin\vendor_perl;C:\Program Files\Git\usr\bin\core_perl
USERNAME=Administrator
SHELL=C:\Program Files\Git\usr\bin\bash.exe
DISPLAY=needs-to-be-defined
LC_CTYPE=en_US.UTF-8
TERM=xterm
TMPDIR=C:\Users\ADMINI~1.PBK\AppData\Local\Temp
OS=Windows_NT
PROCESSOR_IDENTIFIER=Intel64 Family 6 Model 69 Stepping 1, GenuineIntel
TMP=C:\Users\ADMINI~1.PBK\AppData\Local\Temp
TEMP=C:\Users\ADMINI~1.PBK\AppData\Local\Temp



Periodic native trim disabled


---------------  S Y S T E M  ---------------

OS:
 Windows 8.1 , 64 bit Build 9600 (6.3.9600.19326)
OS uptime: 0 days 10:41 hours

CPU: total 4 (initial active 4) (2 cores per cpu, 2 threads per core) family 6 model 69 stepping 1 microcode 0x1c, cx8, cmov, fxsr, ht, mmx, sse, sse2, sse3, ssse3, sse4.1, sse4.2, popcnt, lzcnt, tsc, tscinvbit, avx, avx2, aes, erms, clmul, bmi1, bmi2, fma, vzeroupper, clflush
Processor Information for all 4 processors :
  Max Mhz: 2401, Current Mhz: 2300, Mhz Limit: 2401

Memory: 4k page, system-wide physical 8100M (606M free)
TotalPageFile size 11172M (AvailPageFile size 4M)
current process WorkingSet (physical memory assigned to process): 617M, peak: 617M
current process commit charge ("private bytes"): 538M, peak: 968M

vm_info: OpenJDK 64-Bit Server VM (17.0.12+7) for windows-amd64 JRE (17.0.12+7), built on Jul 16 2024 22:08:24 by "admin" with MS VC++ 16.10 / 16.11 (VS2019)

END.
